MPASM 5.68  /HOME/JACQUES/GITHUB/PIXDEL6/PIX   9-28-2016  10:05:00         PAGE  1


LOC  OBJECT CODE     LINE SOURCE TEXT
  VALUE

                      00001 ;
                      00002 ; * pixdel6
                      00003 ; * Copyright 2016, Jacques Deschenes
                      00004 ; * 
                      00005 ; * This file is part of pixdel6 project.
                      00006 ; * 
                      00007 ; * ***  LICENCE ****
                      00008 ; * This program is free software; you can redistribute it and/or modify
                      00009 ; * it under the terms of the GNU General Public License as published by
                      00010 ; * the Free Software Foundation; either version 3 of the License, or
                      00011 ; * (at your option) any later version.
                      00012 ; * 
                      00013 ; * This program is distributed in the hope that it will be useful,
                      00014 ; * but WITHOUT ANY WARRANTY; without even the implied warranty of
                      00015 ; * MERCHANTABILITY or FITNESS FOR A PARTICULAR PURPOSE.  See the
                      00016 ; * GNU General Public License for more details.
                      00017 ; * 
                      00018 ; * You should have received a copy of the GNU General Public License
                      00019 ; * along with this program; See 'copying.txt' in root directory of source.
                      00020 ; * If not, write to the Free Software Foundation,
                      00021 ; * Inc., 51 Franklin Street, Fifth Floor, Boston, MA 02110-1301  USA
                      00022 ; *  
                      00023 ; * to contact the author:  jd_temp@yahoo.fr
                      00024 ; * 
                      00025 
                      00026 ;;;;;;;;;;;;;;;;;;;;;;;;;;;;;;;;;;;;;;;;;;;;;;;;;;;;;;;;;;;;;;;;;;;;;;;;;;;;;;;;
                      00027 ;  pixdel6 est la sixième version de pixdel.
                      00028 ;  Cette version utilise le MCU PIC12F1572.
                      00029 ;  Le protocole de communication est différent. Il s'agit d'un protocole pour
                      00030 ;  dispositif attachés en chaîne que j'ai mis au point.
                      00031 ;  Contrairement au produit commercial WS8212b, chaque LED de la chaîne peut-être
                      00032 ;  contrôlée individuellement quelque soit sa position dans la chaîne sans qu'il
                      00033 ;  soit nécessaire d'envoyer une commande à chaque LED qui la précède.
                      00034 ;  L'idée est basée sur un compteur décrémenté. Chaque paquet de données envoyé
                      00035 ;  dans la chaîne débute par un compteur. Une LED accepte le paquet si le compteur
                      00036 ;  est à 0 ou 1 sinon il décrémente le compteur et le transmet avec le reste du paquet
                      00037 ;  à la LED suivante. C'est donc la valeur initiale du compteur ainsi que la position 
                      00038 ;  dans la chaîne qui détermine quelle LED accepte le paquet.  Ce protocole permet
                      00039 ;  donc de réduire la quantité d'information qu'il est nécessaire d'envoyer dans la chaîne.
                      00040 ;  
                      00041 ;  Si la valeur du compteur à est zéro il s'agit un message de diffusion dans ce cas
                      00042 ;  Le pixdel reconnait la commande mais la retransmet aussi sans décrémenter le compteur.
                      00043 ;  ce protocole peut donc contrôler une chaîne de 255 pixdel.    
                      00044 ;    
                      00045 ;   Le PIC12F1572 possède 3 canaux PWM 16 bits et un périphérique EUSART.
                      00046 ;   Le EUSART est utilisé pour la communication et les 3 PWM pour le contrôle des
                      00047 ;   composantes RGB de la LED. Le paquet transmis est donc constitué de 7 octets
                      00048 ;       1 compteur 8 bits permettant de contrôler 255 pixdel6.
                      00049 ;       6 octets de contrôle de la couleur, 2 octets par composantes.
                      00050 ;   FORMAT DU PAQUET:
                      00051 ;   ------------------      
                      00052 ;   COMPTEUR|Rh|Rl|Gh|Gl|Bh|Bl    
                      00053 ;   >>>> COMPTEUR=255 pour message de diffusion <<<<
MPASM 5.68  /HOME/JACQUES/GITHUB/PIXDEL6/PIX   9-28-2016  10:05:00         PAGE  2


LOC  OBJECT CODE     LINE SOURCE TEXT
  VALUE

                      00054 ;   Puisque le paquet est de taille fixe et qu'en plus le compteur détermine la cible,
                      00055 ;   il n'est pas nécessaire de faire une pose entre chaque commande comme c'est le cas
                      00056 ;   pour les WS8212b.
                      00057 ;==============================================================================    
                      00058 ;| valeur du compteur  |   action                                              |
                      00059 ;==============================================================================    
                      00060 ;|          0          |  diffusion: accepte le message et transmet au suivant |
                      00061 ;|          1          |  accepte le message mais ne transmet pas au suivant   |
                      00062 ;|        2-255        |  refuse le message, décrémente le compteur et         |
                      00063 ;|                     |  retransmet au suivant.                               |
                      00064 ;==============================================================================    
                      00065 ;;;;;;;;;;;;;;;;;;;;;;;;;;;;;;;;;;;;;;;;;;;;;;;;;;;;;;;;;;;;;;;;;;;;;;;;;;;;;;;;    
                      00066     
                      00067     include p12f1572.inc
                      00001         LIST
                      00002 
                      00003 ;==========================================================================
                      00004 ; Build date : May 15 2016
                      00005 ;  MPASM PIC12F1572 processor include
                      00006 ; 
                      00007 ;  (c) Copyright 1999-2016 Microchip Technology, All rights reserved
                      00008 ;==========================================================================
                      00009 
                      01601         LIST
8007   39E4           00068     __config _CONFIG1, _FOSC_INTOSC&_WDTE_OFF&_PWRTE_OFF&_MCLRE_ON&_CP_OFF&_BOREN_OFF&_CLKOUTEN_OFF
8008   1DFC           00069     __config _CONFIG2, _WRT_ALL&_PLLEN_ON&_STVREN_OFF&_LVP_OFF
                      00070 
                      00071     radix dec
                      00072 
                      00073 #define TX  RA4
                      00074 #define RX  RA5
                      00075 #define ROUGE_PIN RA2    ; PWM3
                      00076 #define ROUGE_PWMDCL PWM3DCL ; rapport cyclique
                      00077 #define ROUGE_PWMDCH PWM3DCH ; octet fort    
                      00078 #define ROUGE_PWMPR PWM3PR ;période
                      00079 #define ROUGE_PWMPH PWM3PH ; phase
                      00080 #define ROUGE_PWMOF PWM3OF ; offset
                      00081 #define ROUGE_PWMTMR PWM3TMR ; timer
                      00082 #define ROUGE_PWMCON PWM3CON ; registre de contrôle
                      00083 #define ROUGE_PWMCLKCON PWM3CLKCON  ; contrôle clock
                      00084 #define ROUGE_PWMOFCON PWM3OFCON ; contrôle offset
                      00085 #define ROUGE_PWMLDCON PWM3LDCON ; load control
                      00086 #define ROUGE_PWMINTE PWM3INTE  ; activation interruption
                      00087 #define ROUGE_PWMINTF PWM3INTF  ; indicateurs d'interruption    
                      00088 #define VERT_PIN RA1  ; PWM1
                      00089 #define VERT_PWMDCL PWM1DCL
                      00090 #define VERT_PWMDCH PWM1DCH
                      00091 #define VERT_PWMPR PWM1PR
                      00092 #define VERROUGE_T_PWMPR PWM1PR    
                      00093 #define VERT_PWMPH PWM1PH ; phase
                      00094 #define VERTROUGE__PWMOF PWM1OF ; offset
                      00095 #define VERT_PWMTMR PWM1TMR ; timer
                      00096 #define VERT_PWMCON PWM1CON ; registre de contrôle
MPASM 5.68  /HOME/JACQUES/GITHUB/PIXDEL6/PIX   9-28-2016  10:05:00         PAGE  3


LOC  OBJECT CODE     LINE SOURCE TEXT
  VALUE

                      00097 #define VERT_PWMCLKCON PWM1CLKCON    
                      00098 #define VERT_PWMOFCON PWM1OFCON ; contrôle offset
                      00099 #define VERT_PWMLDCON PWM1LDCON ; load control
                      00100 #define VERT_PWMINTE PWM1INTE  ; activation interruption
                      00101 #define VERT_PWMINTF PWM1INTF  ; indicateurs d'interruption    
                      00102 #define BLEU_PIN RA0   ; PWM2
                      00103 #define BLEU_PWMDCL PWM2DCL
                      00104 #define BLEU_PWMDCH PWM2DCH
                      00105 #define BLEU_PWMPR PWM2PR
                      00106 #define BLEU_PWMPH PWM2PH ; phase
                      00107 #define BLEU_PWMOF PWM2OF ; offset
                      00108 #define BLEU_PWMTMR PWM2TMR ; timer
                      00109 #define BLEU_PWMCON PWM2CON
                      00110 #define BLEU_PWMCLKCON PWM2CLKCON    
                      00111 #define BLEU_PWMOFCON PWM2OFCON ; contrôle offset
                      00112 #define BLEU_PWMLDCON PWM2LDCON ; load control
                      00113 #define BLEU_PWMINTE PWM2INTE  ; activation interruption
                      00114 #define BLEU_PWMINTF PWM2INTF  ; indicateurs d'interruption    
                      00115 
                      00116 #define PWM_BANK PWMEN
                      00117 
                      00118 #define FOSC 32000000
                      00119 #define BAUD 115200 ;  57600, 38400
                      00120 
                      00121 #define DPTOS  INDF1  ; sommet de la pile des arguments
                      00122 
                      00123 #define DIFFUSER  0   ; message de diffusion
                      00124 #define ACCEPTER  1   ; message accepté
                      00125     
                      00126 ;;;;;;;;;;;;;;;;;;;;;;;;;
                      00127 ;   macros
                      00128 ;;;;;;;;;;;;;;;;;;;;;;;;;
                      00129     
                      00130 popw  macro
                      00131     moviw FSR1--
                      00132     endm
                      00133  
                      00134 pushw macro
                      00135     movwi ++FSR1
                      00136     endm
                      00137 
                      00138 dup macro
                      00139     movfw INDF1
                      00140     movwi ++FSR1
                      00141     endm
                      00142     
                      00143 drop macro
                      00144     addfsr FSR1,-1
                      00145     endm
                      00146 
                      00147 case macro valeur, cible
                      00148     xorlw valeur
                      00149     skpnz
MPASM 5.68  /HOME/JACQUES/GITHUB/PIXDEL6/PIX   9-28-2016  10:05:00         PAGE  4


LOC  OBJECT CODE     LINE SOURCE TEXT
  VALUE

                      00150     bra cible
                      00151     xorlw valeur
                      00152     endm
                      00153     
                      00154 ;;;;;;;;;;;;;;;;;;;;;;;;;;;
                      00155 ;   variables
                      00156 ;;;;;;;;;;;;;;;;;;;;;;;;;;;
                      00157     
                      00158     udata
0000                  00159 stack res 16
                      00160  
                      00161     udata_shr 0x70
0070                  00162 msec res 1 ; nombre de millisecondes depuis le reset    
0071                  00163 a_recevoir res 1 ; nombre d'octets à recevoir
                      00164 ; sauvegarde octets nouvelle couleur
                      00165 ; RH:RL|GH:GL|BH:BL 
0072                  00166 rouge res 2  
0074                  00167 vert  res 2
0076                  00168 bleu  res 2
                      00169  
                      00170     org 0
0000                  00171 rst:    
0000   2???           00172     goto init
                      00173     
                      00174     org 4
0004                  00175 isr:
Message[305]: Using default destination of 1 (file).
0004   0A??           00176     incf msec
0005   110B           00177     bcf INTCON,TMR0IF
0006   0009           00178     retfie
                      00179     
0007                  00180 init:
                      00181 ; clock à 32Mhz
0007   0021           00182     banksel OSCCON
0008   3070           00183     movlw (0xE<<IRCF0)
Message[302]: Register in operand not in bank 0.  Ensure that bank bits are correct.
0009   0099           00184     movwf OSCCON
                      00185 ; Watch dog timer expire à 16 msec.
000A   0021           00186     banksel WDTCON
Message[302]: Register in operand not in bank 0.  Ensure that bank bits are correct.
000B   0197           00187     clrf WDTCON
Message[302]: Register in operand not in bank 0.  Ensure that bank bits are correct.
000C   1597           00188     bsf WDTCON,WDTPS2
                      00189 ; TIMER0 utilisé comme compteur millisecondes
000D   3004           00190     movlw 4
Message[302]: Register in operand not in bank 0.  Ensure that bank bits are correct.
000E   0095           00191     movwf OPTION_REG
000F   01??           00192     clrf msec
0010   0020           00193     banksel TMR0
0011   0195           00194     clrf TMR0
0012   30A0           00195     movlw (1<<GIE)|(1<<TMR0IE)
0013   008B           00196     movwf INTCON
                      00197 ;initialisation pointeur de pile
MPASM 5.68  /HOME/JACQUES/GITHUB/PIXDEL6/PIX   9-28-2016  10:05:00         PAGE  5


LOC  OBJECT CODE     LINE SOURCE TEXT
  VALUE

0014   30??           00198     movlw high stack
0015   0087           00199     movwf FSR1H
0016   30??           00200     movlw low stack
0017   0086           00201     movwf FSR1L
                      00202 ;désactivation entrées analogique
0018   0023           00203     banksel ANSELA
Message[302]: Register in operand not in bank 0.  Ensure that bank bits are correct.
0019   018C           00204     clrf ANSELA
                      00205 ;réglage APFCON pour TX sur RA4 et RX sur RA5   
001A   0022           00206     banksel APFCON
Message[302]: Register in operand not in bank 0.  Ensure that bank bits are correct.
001B   151D           00207     bsf APFCON, TXCKSEL
Message[302]: Register in operand not in bank 0.  Ensure that bank bits are correct.
001C   179D           00208     bsf APFCON, RXDTSEL
                      00209 ; réglage UART   BAUD, 8 bits, 1 stop, pas de parité
                      00210 ; configuration transmission
001D   0023           00211     banksel TXSTA
001E   3024           00212     movlw (1<<TXEN)|(1<<BRGH)
Message[302]: Register in operand not in bank 0.  Ensure that bank bits are correct.
001F   009E           00213     movwf TXSTA
0020   3010           00214     movlw FOSC/16/BAUD-1
Message[302]: Register in operand not in bank 0.  Ensure that bank bits are correct.
0021   009B           00215     movwf SPBRGL
                      00216 ; configuration réception  UART
0022   3090           00217     movlw (1<<SPEN)|(1<<CREN)
Message[302]: Register in operand not in bank 0.  Ensure that bank bits are correct.
0023   009D           00218     movwf RCSTA
                      00219 ; configuraion PWM
0024   003B           00220     banksel PWM_BANK
                      00221 ; composante rouge
Message[302]: Register in operand not in bank 0.  Ensure that bank bits are correct.
0025   01B4           00222     clrf ROUGE_PWMDCH
Message[302]: Register in operand not in bank 0.  Ensure that bank bits are correct.
0026   01B3           00223     clrf ROUGE_PWMDCL
Message[302]: Register in operand not in bank 0.  Ensure that bank bits are correct.
0027   01B1           00224     clrf ROUGE_PWMPH
Message[302]: Register in operand not in bank 0.  Ensure that bank bits are correct.
0028   01B2           00225     clrf ROUGE_PWMPH+1
Message[302]: Register in operand not in bank 0.  Ensure that bank bits are correct.
0029   01BF           00226     clrf ROUGE_PWMLDCON
002A   30FF           00227     movlw 255
Message[302]: Register in operand not in bank 0.  Ensure that bank bits are correct.
002B   00B5           00228     movwf ROUGE_PWMPR
Message[302]: Register in operand not in bank 0.  Ensure that bank bits are correct.
002C   00B6           00229     movwf ROUGE_PWMPR+1
Message[302]: Register in operand not in bank 0.  Ensure that bank bits are correct.
002D   01BE           00230     clrf ROUGE_PWMCLKCON
002E   30C0           00231     movlw (3<<OE);|(;|(1<<POL)
Message[302]: Register in operand not in bank 0.  Ensure that bank bits are correct.
002F   00BB           00232     movwf ROUGE_PWMCON
                      00233 ; composante verte
Message[302]: Register in operand not in bank 0.  Ensure that bank bits are correct.
0030   0194           00234     clrf VERT_PWMDCH
MPASM 5.68  /HOME/JACQUES/GITHUB/PIXDEL6/PIX   9-28-2016  10:05:00         PAGE  6


LOC  OBJECT CODE     LINE SOURCE TEXT
  VALUE

Message[302]: Register in operand not in bank 0.  Ensure that bank bits are correct.
0031   0193           00235     clrf VERT_PWMDCL
Message[302]: Register in operand not in bank 0.  Ensure that bank bits are correct.
0032   0191           00236     clrf VERT_PWMPH
Message[302]: Register in operand not in bank 0.  Ensure that bank bits are correct.
0033   0192           00237     clrf VERT_PWMPH+1
Message[302]: Register in operand not in bank 0.  Ensure that bank bits are correct.
0034   019F           00238     clrf VERT_PWMLDCON
0035   30FF           00239     movlw 255
Message[302]: Register in operand not in bank 0.  Ensure that bank bits are correct.
0036   0095           00240     movwf VERT_PWMPR
Message[302]: Register in operand not in bank 0.  Ensure that bank bits are correct.
0037   0096           00241     movwf VERT_PWMPR+1
Message[302]: Register in operand not in bank 0.  Ensure that bank bits are correct.
0038   019E           00242     clrf VERT_PWMCLKCON
0039   30C0           00243     movlw (3<<OE);|(;|(1<<POL)
Message[302]: Register in operand not in bank 0.  Ensure that bank bits are correct.
003A   009B           00244     movwf VERT_PWMCON
                      00245 ;  composante bleu
Message[302]: Register in operand not in bank 0.  Ensure that bank bits are correct.
003B   01A4           00246     clrf BLEU_PWMDCH
Message[302]: Register in operand not in bank 0.  Ensure that bank bits are correct.
003C   01A3           00247     clrf BLEU_PWMDCL
Message[302]: Register in operand not in bank 0.  Ensure that bank bits are correct.
003D   01A1           00248     clrf BLEU_PWMPH
Message[302]: Register in operand not in bank 0.  Ensure that bank bits are correct.
003E   01A2           00249     clrf BLEU_PWMPH+1
Message[302]: Register in operand not in bank 0.  Ensure that bank bits are correct.
003F   01AF           00250     clrf BLEU_PWMLDCON
0040   30FF           00251     movlw 255
Message[302]: Register in operand not in bank 0.  Ensure that bank bits are correct.
0041   00A5           00252     movwf BLEU_PWMPR
Message[302]: Register in operand not in bank 0.  Ensure that bank bits are correct.
0042   00A6           00253     movwf BLEU_PWMPR+1
Message[302]: Register in operand not in bank 0.  Ensure that bank bits are correct.
0043   01AE           00254     clrf BLEU_PWMCLKCON
0044   30C0           00255     movlw (3<<OE);|(;|(1<<POL)
Message[302]: Register in operand not in bank 0.  Ensure that bank bits are correct.
0045   00AB           00256     movwf BLEU_PWMCON
0046   0021           00257     banksel TRISA
0047   30F8           00258     movlw ~((1<<ROUGE_PIN)|(1<<VERT_PIN)|(1<<BLEU_PIN))
Message[305]: Using default destination of 1 (file).
Message[302]: Register in operand not in bank 0.  Ensure that bank bits are correct.
0048   058C           00259     andwf TRISA
                      00260 ;met à zéro les couleurs
0049   30??           00261     movlw rouge
004A   0084           00262     movwf FSR0L
004B   0185           00263     clrf FSR0H
004C   3006           00264     movlw 6
                      00265     pushw
004D   001C               M     movwi ++FSR1
004E   0103           00266     clrw
004F   0881           00267     movf DPTOS,F
MPASM 5.68  /HOME/JACQUES/GITHUB/PIXDEL6/PIX   9-28-2016  10:05:00         PAGE  7


LOC  OBJECT CODE     LINE SOURCE TEXT
  VALUE

0050   1903           00268     skpnz
0051   3???           00269     bra $+4
0052   001A           00270     movwi FSR0++
Message[305]: Using default destination of 1 (file).
0053   0381           00271     decf DPTOS
0054   3???           00272     bra $-5
                      00273     drop
0055   317F               M     addfsr FSR1,-1
                      00274 ;;;;;;;;;;;;;;;;;;;;;;;;;;;;;;;;;;;;;;;;;;;;;;;;;;;;;;;
                      00275 ; attend la reception d'un octet
                      00276 ; les 7 octets doivent-être reçu et traité
                      00277 ; en moins de 16 msec sinon le WDT réinitialise le MCU
                      00278 ;;;;;;;;;;;;;;;;;;;;;;;;;;;;;;;;;;;;;;;;;;;;;;;;;;;;;;;
0056                  00279 main:
0056   2???           00280     call nouvelle_couleur
0057   3007           00281     movlw 7 ; 7 octets par commande
0058   00??           00282     movwf a_recevoir
0059   30??           00283     movlw low rouge
005A   0084           00284     movwf FSR0L
005B   30??           00285     movlw high rouge
005C   0085           00286     movwf FSR0H
005D   0020           00287     banksel PIR1
005E   0064           00288     clrwdt
005F   1E91           00289     btfss PIR1,RCIF
0060   3???           00290     bra $-2
                      00291 ; reçu 1 octet doit-être le compteur
0061   0023           00292     banksel RCREG
Message[302]: Register in operand not in bank 0.  Ensure that bank bits are correct.
0062   0819           00293     movfw RCREG
                      00294     pushw
0063   001C               M     movwi ++FSR1
0064   1903           00295     skpnz
0065   3???           00296     bra diffusion
0066   3A01           00297     xorlw 1
0067   1903           00298     skpnz
0068   3???           00299     bra accepte
0069                  00300 retransmet: ; au suivant
Message[305]: Using default destination of 1 (file).
0069   0381           00301     decf DPTOS   ; décrémente le compteur
006A   2???           00302     call uart_tx ; et le retransmet
Message[305]: Using default destination of 1 (file).
006B   03??           00303     decf a_recevoir ; compteur retransmis
006C                  00304 retrans_loop:    ; retransmet les 6 octets suivants
006C   2???           00305     call uart_rx
006D   2???           00306     call uart_tx
Message[305]: Using default destination of 1 (file).
006E   0B??           00307     decfsz a_recevoir
006F   3???           00308     bra retrans_loop
0070   3???           00309     bra main
0071                  00310 accepte: ; compteur à zéro accepte la commande
                      00311     drop
0071   317F               M     addfsr FSR1,-1
Message[305]: Using default destination of 1 (file).
MPASM 5.68  /HOME/JACQUES/GITHUB/PIXDEL6/PIX   9-28-2016  10:05:00         PAGE  8


LOC  OBJECT CODE     LINE SOURCE TEXT
  VALUE

0072   03??           00312     decf a_recevoir
0073                  00313 accept_loop:    
0073   2???           00314     call uart_rx
                      00315     popw
0074   0017               M     moviw FSR1--
0075   001A           00316     movwi FSR0++
Message[305]: Using default destination of 1 (file).
0076   0B??           00317     decfsz a_recevoir
0077   3???           00318     bra accept_loop
0078   3???           00319     bra main
0079                  00320 diffusion: ; message accepté par tous
0079   2???           00321     call uart_tx ; retransmet le compteur
Message[305]: Using default destination of 1 (file).
007A   03??           00322     decf a_recevoir
007B                  00323 diffus_loop:    
007B   2???           00324     call uart_rx 
                      00325     dup              ; garde une copie 
007C   0801               M     movfw INDF1
007D   001C               M     movwi ++FSR1
007E   2???           00326     call uart_tx     ; et retransmet
                      00327     popw
007F   0017               M     moviw FSR1--
0080   001A           00328     movwi FSR0++
Message[305]: Using default destination of 1 (file).
0081   0B??           00329     decfsz a_recevoir
0082   3???           00330     bra diffus_loop
0083   3???           00331     bra main
                      00332     
                      00333 ; attend un octet du uart
                      00334 ; l'octet reçu est empilé    
0084                  00335 uart_rx:
0084   0020           00336     banksel PIR1
0085   1E91           00337     btfss PIR1,RCIF
0086   3???           00338     bra $-1
0087   0023           00339     banksel RCREG
Message[302]: Register in operand not in bank 0.  Ensure that bank bits are correct.
0088   0819           00340     movfw RCREG
                      00341     pushw
0089   001C               M     movwi ++FSR1
008A   0008           00342     return
                      00343 
                      00344 ; transmet un octet
                      00345 ; octet à transmettre au sommet de la pile    
008B                  00346 uart_tx:
008B   0020           00347     banksel PIR1
008C   1E11           00348     btfss PIR1,TXIF
008D   3???           00349     bra $-1
008E   0023           00350     banksel TXREG
                      00351     popw
008F   0017               M     moviw FSR1--
Message[302]: Register in operand not in bank 0.  Ensure that bank bits are correct.
0090   009A           00352     movwf TXREG
0091   0008           00353     return
MPASM 5.68  /HOME/JACQUES/GITHUB/PIXDEL6/PIX   9-28-2016  10:05:00         PAGE  9


LOC  OBJECT CODE     LINE SOURCE TEXT
  VALUE

                      00354     
0092                  00355 nouvelle_couleur:
0092   003B           00356     banksel PWM_BANK
0093   08??           00357     movfw rouge
Message[302]: Register in operand not in bank 0.  Ensure that bank bits are correct.
0094   00B4           00358     movwf ROUGE_PWMDCH
0095   08??           00359     movfw rouge+1
Message[302]: Register in operand not in bank 0.  Ensure that bank bits are correct.
0096   00B3           00360     movwf ROUGE_PWMDCL
0097   08??           00361     movfw vert
Message[302]: Register in operand not in bank 0.  Ensure that bank bits are correct.
0098   0094           00362     movwf VERT_PWMDCH
0099   08??           00363     movfw vert+1
Message[302]: Register in operand not in bank 0.  Ensure that bank bits are correct.
009A   0093           00364     movwf VERT_PWMDCL
009B   08??           00365     movfw bleu
Message[302]: Register in operand not in bank 0.  Ensure that bank bits are correct.
009C   00A4           00366     movwf BLEU_PWMDCH
009D   08??           00367     movfw bleu+1
Message[302]: Register in operand not in bank 0.  Ensure that bank bits are correct.
009E   00A3           00368     movwf BLEU_PWMDCL
Message[302]: Register in operand not in bank 0.  Ensure that bank bits are correct.
009F   17BF           00369     bsf ROUGE_PWMLDCON,7
Message[302]: Register in operand not in bank 0.  Ensure that bank bits are correct.
00A0   179F           00370     bsf VERT_PWMLDCON,7
Message[302]: Register in operand not in bank 0.  Ensure that bank bits are correct.
00A1   17AF           00371     bsf BLEU_PWMLDCON,7
00A2   0008           00372     return
                      00373     
39E4 1DFC             00374     end
MPASM 5.68  /HOME/JACQUES/GITHUB/PIXDEL6/PIX   9-28-2016  10:05:00         PAGE 10


SYMBOL TABLE
  LABEL                             VALUE 

ABDEN                             00000000
ABDOVF                            00000007
ACCEPTER                          1
ADCON0                            0000009D
ADCON1                            0000009E
ADCON2                            0000009F
ADCS0                             00000004
ADCS1                             00000005
ADCS2                             00000006
ADDEN                             00000003
ADFM                              00000007
ADFVR0                            00000000
ADFVR1                            00000001
ADGO                              00000001
ADIE                              00000006
ADIF                              00000006
ADON                              00000000
ADPREF0                           00000000
ADPREF1                           00000001
ADRES                             0000009B
ADRESH                            0000009C
ADRESL                            0000009B
ANSA0                             00000000
ANSA1                             00000001
ANSA2                             00000002
ANSA4                             00000004
ANSELA                            0000018C
APFCON                            0000011D
APFCON0                           0000011D
BAUD                              115200
BAUDCON                           0000019F
BLEU_PIN                          RA0
BLEU_PWMCLKCON                    PWM2CLKCON
BLEU_PWMCON                       PWM2CON
BLEU_PWMDCH                       PWM2DCH
BLEU_PWMDCL                       PWM2DCL
BLEU_PWMINTE                      PWM2INTE
BLEU_PWMINTF                      PWM2INTF
BLEU_PWMLDCON                     PWM2LDCON
BLEU_PWMOF                        PWM2OF
BLEU_PWMOFCON                     PWM2OFCON
BLEU_PWMPH                        PWM2PH
BLEU_PWMPR                        PWM2PR
BLEU_PWMTMR                       PWM2TMR
BORCON                            00000116
BORFS                             00000006
BORRDY                            00000000
BRG16                             00000003
BRGH                              00000002
BSR                               00000008
BSR0                              00000000
BSR1                              00000001
BSR2                              00000002
MPASM 5.68  /HOME/JACQUES/GITHUB/PIXDEL6/PIX   9-28-2016  10:05:00         PAGE 11


SYMBOL TABLE
  LABEL                             VALUE 

BSR3                              00000003
BSR4                              00000004
BSR_SHAD                          00000FE6
C                                 00000000
C1HYS                             00000001
C1IE                              00000005
C1IF                              00000005
C1INTN                            00000006
C1INTP                            00000007
C1NCH0                            00000000
C1NCH1                            00000001
C1NCH2                            00000002
C1OE                              00000005
C1ON                              00000007
C1OUT                             00000006
C1PCH0                            00000004
C1PCH1                            00000005
C1POL                             00000004
C1SP                              00000002
C1SYNC                            00000000
CDAFVR0                           00000002
CDAFVR1                           00000003
CFGS                              00000006
CHS0                              00000002
CHS1                              00000003
CHS2                              00000004
CHS3                              00000005
CHS4                              00000006
CM1CON0                           00000111
CM1CON1                           00000112
CMOUT                             00000115
CREN                              00000004
CS0                               00000000
CS1                               00000001
CSRC                              00000007
CWG1CON0                          00000693
CWG1CON1                          00000694
CWG1CON2                          00000695
CWG1DBF                           00000692
CWG1DBF0                          00000000
CWG1DBF1                          00000001
CWG1DBF2                          00000002
CWG1DBF3                          00000003
CWG1DBF4                          00000004
CWG1DBF5                          00000005
CWG1DBR                           00000691
CWG1DBR0                          00000000
CWG1DBR1                          00000001
CWG1DBR2                          00000002
CWG1DBR3                          00000003
CWG1DBR4                          00000004
CWG1DBR5                          00000005
CWGASEL                           00000006
MPASM 5.68  /HOME/JACQUES/GITHUB/PIXDEL6/PIX   9-28-2016  10:05:00         PAGE 12


SYMBOL TABLE
  LABEL                             VALUE 

CWGBSEL                           00000005
C_SHAD                            00000000
DACCON0                           00000118
DACCON1                           00000119
DACEN                             00000007
DACLPS                            00000006
DACOE                             00000005
DACPSS0                           00000002
DACPSS1                           00000003
DACR0                             00000000
DACR1                             00000001
DACR2                             00000002
DACR3                             00000003
DACR4                             00000004
DC                                00000001
DCIE                              00000001
DCIF                              00000001
DC_SHAD                           00000001
DIFFUSER                          0
DPTOS                             INDF1
EN                                00000007
F                                 00000001
FERR                              00000002
FOSC                              32000000
FREE                              00000004
FSR0                              00000004
FSR0H                             00000005
FSR0H_SHAD                        00000FE9
FSR0L                             00000004
FSR0L_SHAD                        00000FE8
FSR0_SHAD                         00000FE8
FSR1                              00000006
FSR1H                             00000007
FSR1H_SHAD                        00000FEB
FSR1L                             00000006
FSR1L_SHAD                        00000FEA
FSR1_SHAD                         00000FEA
FVRCON                            00000117
FVREN                             00000007
FVRRDY                            00000006
G1ARSEN                           00000006
G1ASDLA0                          00000004
G1ASDLA1                          00000005
G1ASDLB0                          00000006
G1ASDLB1                          00000007
G1ASDSC1                          00000002
G1ASDSFLT                         00000001
G1ASE                             00000007
G1CS0                             00000000
G1EN                              00000007
G1IS0                             00000000
G1IS1                             00000001
G1IS2                             00000002
MPASM 5.68  /HOME/JACQUES/GITHUB/PIXDEL6/PIX   9-28-2016  10:05:00         PAGE 13


SYMBOL TABLE
  LABEL                             VALUE 

G1OEA                             00000005
G1OEB                             00000006
G1POLA                            00000003
G1POLB                            00000004
GIE                               00000007
GO                                00000001
GO_NOT_DONE                       00000001
HFIOFL                            00000003
HFIOFR                            00000004
HFIOFS                            00000000
INDF0                             00000000
INDF1                             00000001
INLVLA                            0000038C
INLVLA0                           00000000
INLVLA1                           00000001
INLVLA2                           00000002
INLVLA3                           00000003
INLVLA4                           00000004
INLVLA5                           00000005
INTCON                            0000000B
INTE                              00000004
INTEDG                            00000006
INTF                              00000001
IOCAF                             00000393
IOCAF0                            00000000
IOCAF1                            00000001
IOCAF2                            00000002
IOCAF3                            00000003
IOCAF4                            00000004
IOCAF5                            00000005
IOCAN                             00000392
IOCAN0                            00000000
IOCAN1                            00000001
IOCAN2                            00000002
IOCAN3                            00000003
IOCAN4                            00000004
IOCAN5                            00000005
IOCAP                             00000391
IOCAP0                            00000000
IOCAP1                            00000001
IOCAP2                            00000002
IOCAP3                            00000003
IOCAP4                            00000004
IOCAP5                            00000005
IOCIE                             00000003
IOCIF                             00000000
IRCF0                             00000003
IRCF1                             00000004
IRCF2                             00000005
IRCF3                             00000006
LATA                              0000010C
LATA0                             00000000
LATA1                             00000001
MPASM 5.68  /HOME/JACQUES/GITHUB/PIXDEL6/PIX   9-28-2016  10:05:00         PAGE 14


SYMBOL TABLE
  LABEL                             VALUE 

LATA2                             00000002
LATA4                             00000004
LATA5                             00000005
LDA                               00000007
LDS0                              00000000
LDS1                              00000001
LDT                               00000006
LFIOFR                            00000001
LWLO                              00000005
MC1OUT                            00000000
MFIOFR                            00000002
MODE0                             00000002
MODE1                             00000003
MPWM1EN                           00000000
MPWM1LD                           00000000
MPWM1OUT                          00000000
MPWM2EN                           00000001
MPWM2LD                           00000001
MPWM2OUT                          00000001
MPWM3EN                           00000002
MPWM3LD                           00000002
MPWM3OUT                          00000002
NOT_BOR                           00000000
NOT_DONE                          00000001
NOT_PD                            00000003
NOT_POR                           00000001
NOT_RI                            00000002
NOT_RMCLR                         00000003
NOT_RWDT                          00000004
NOT_T1SYNC                        00000002
NOT_TO                            00000004
NOT_WPUEN                         00000007
ODA0                              00000000
ODA1                              00000001
ODA2                              00000002
ODA4                              00000004
ODA5                              00000005
ODCONA                            0000028C
OE                                00000006
OERR                              00000001
OFIE                              00000003
OFIF                              00000003
OFM0                              00000005
OFM1                              00000006
OFO                               00000004
OFS0                              00000000
OFS1                              00000001
OPTION_REG                        00000095
OSCCON                            00000099
OSCSTAT                           0000009A
OSCTUNE                           00000098
OSTS                              00000005
OUT                               00000005
MPASM 5.68  /HOME/JACQUES/GITHUB/PIXDEL6/PIX   9-28-2016  10:05:00         PAGE 15


SYMBOL TABLE
  LABEL                             VALUE 

P1SEL                             00000000
P2SEL                             00000001
PCL                               00000002
PCLATH                            0000000A
PCLATH_SHAD                       00000FE7
PCON                              00000096
PEIE                              00000006
PHIE                              00000002
PHIF                              00000002
PIE1                              00000091
PIE2                              00000092
PIE3                              00000093
PIR1                              00000011
PIR2                              00000012
PIR3                              00000013
PLLR                              00000006
PMADR                             00000191
PMADRH                            00000192
PMADRL                            00000191
PMCON1                            00000195
PMCON2                            00000196
PMDAT                             00000193
PMDATH                            00000194
PMDATL                            00000193
POL                               00000004
PORTA                             0000000C
PR2                               0000001B
PRIE                              00000000
PRIF                              00000000
PS0_OPTION_REG                    00000000
PS0_PWM1CLKCON                    00000004
PS0_PWM2CLKCON                    00000004
PS0_PWM3CLKCON                    00000004
PS1_OPTION_REG                    00000001
PS1_PWM1CLKCON                    00000005
PS1_PWM2CLKCON                    00000005
PS1_PWM3CLKCON                    00000005
PS2_OPTION_REG                    00000002
PS2_PWM1CLKCON                    00000006
PS2_PWM2CLKCON                    00000006
PS2_PWM3CLKCON                    00000006
PSA                               00000003
PWM1CLKCON                        00000D9E
PWM1CON                           00000D9B
PWM1CS0                           00000000
PWM1CS1                           00000001
PWM1DC                            00000D93
PWM1DCH                           00000D94
PWM1DCH0                          00000000
PWM1DCH1                          00000001
PWM1DCH2                          00000002
PWM1DCH3                          00000003
PWM1DCH4                          00000004
MPASM 5.68  /HOME/JACQUES/GITHUB/PIXDEL6/PIX   9-28-2016  10:05:00         PAGE 16


SYMBOL TABLE
  LABEL                             VALUE 

PWM1DCH5                          00000005
PWM1DCH6                          00000006
PWM1DCH7                          00000007
PWM1DCIE                          00000001
PWM1DCIF                          00000001
PWM1DCL                           00000D93
PWM1DCL0                          00000000
PWM1DCL1                          00000001
PWM1DCL2                          00000002
PWM1DCL3                          00000003
PWM1DCL4                          00000004
PWM1DCL5                          00000005
PWM1DCL6                          00000006
PWM1DCL7                          00000007
PWM1EN                            00000007
PWM1EN_A                          00000000
PWM1IE                            00000004
PWM1IF                            00000004
PWM1INTCON                        00000D9C
PWM1INTE                          00000D9C
PWM1INTF                          00000D9D
PWM1INTFLG                        00000D9D
PWM1LD                            00000007
PWM1LDA_A                         00000000
PWM1LDCON                         00000D9F
PWM1LDM                           00000006
PWM1LDS0                          00000000
PWM1LDS1                          00000001
PWM1MODE0                         00000002
PWM1MODE1                         00000003
PWM1OE                            00000006
PWM1OF                            00000D97
PWM1OFCON                         00000DA0
PWM1OFH                           00000D98
PWM1OFH0                          00000000
PWM1OFH1                          00000001
PWM1OFH2                          00000002
PWM1OFH3                          00000003
PWM1OFH4                          00000004
PWM1OFH5                          00000005
PWM1OFH6                          00000006
PWM1OFH7                          00000007
PWM1OFIE                          00000003
PWM1OFIF                          00000003
PWM1OFL                           00000D97
PWM1OFL0                          00000000
PWM1OFL1                          00000001
PWM1OFL2                          00000002
PWM1OFL3                          00000003
PWM1OFL4                          00000004
PWM1OFL5                          00000005
PWM1OFL6                          00000006
PWM1OFL7                          00000007
MPASM 5.68  /HOME/JACQUES/GITHUB/PIXDEL6/PIX   9-28-2016  10:05:00         PAGE 17


SYMBOL TABLE
  LABEL                             VALUE 

PWM1OFM0                          00000005
PWM1OFM1                          00000006
PWM1OFMC                          00000004
PWM1OFS0                          00000000
PWM1OFS1                          00000001
PWM1OUT                           00000005
PWM1OUT_A                         00000000
PWM1PH                            00000D91
PWM1PHH                           00000D92
PWM1PHH0                          00000000
PWM1PHH1                          00000001
PWM1PHH2                          00000002
PWM1PHH3                          00000003
PWM1PHH4                          00000004
PWM1PHH5                          00000005
PWM1PHH6                          00000006
PWM1PHH7                          00000007
PWM1PHIE                          00000002
PWM1PHIF                          00000002
PWM1PHL                           00000D91
PWM1PHL0                          00000000
PWM1PHL1                          00000001
PWM1PHL2                          00000002
PWM1PHL3                          00000003
PWM1PHL4                          00000004
PWM1PHL5                          00000005
PWM1PHL6                          00000006
PWM1PHL7                          00000007
PWM1POL                           00000004
PWM1PR                            00000D95
PWM1PRH                           00000D96
PWM1PRH0                          00000000
PWM1PRH1                          00000001
PWM1PRH2                          00000002
PWM1PRH3                          00000003
PWM1PRH4                          00000004
PWM1PRH5                          00000005
PWM1PRH6                          00000006
PWM1PRH7                          00000007
PWM1PRIE                          00000000
PWM1PRIF                          00000000
PWM1PRL                           00000D95
PWM1PRL0                          00000000
PWM1PRL1                          00000001
PWM1PRL2                          00000002
PWM1PRL3                          00000003
PWM1PRL4                          00000004
PWM1PRL5                          00000005
PWM1PRL6                          00000006
PWM1PRL7                          00000007
PWM1PS0                           00000004
PWM1PS1                           00000005
PWM1PS2                           00000006
MPASM 5.68  /HOME/JACQUES/GITHUB/PIXDEL6/PIX   9-28-2016  10:05:00         PAGE 18


SYMBOL TABLE
  LABEL                             VALUE 

PWM1TMR                           00000D99
PWM1TMRH                          00000D9A
PWM1TMRH0                         00000000
PWM1TMRH1                         00000001
PWM1TMRH2                         00000002
PWM1TMRH3                         00000003
PWM1TMRH4                         00000004
PWM1TMRH5                         00000005
PWM1TMRH6                         00000006
PWM1TMRH7                         00000007
PWM1TMRL                          00000D99
PWM1TMRL0                         00000000
PWM1TMRL1                         00000001
PWM1TMRL2                         00000002
PWM1TMRL3                         00000003
PWM1TMRL4                         00000004
PWM1TMRL5                         00000005
PWM1TMRL6                         00000006
PWM1TMRL7                         00000007
PWM2CLKCON                        00000DAE
PWM2CON                           00000DAB
PWM2CS0                           00000000
PWM2CS1                           00000001
PWM2DC                            00000DA3
PWM2DCH                           00000DA4
PWM2DCH0                          00000000
PWM2DCH1                          00000001
PWM2DCH2                          00000002
PWM2DCH3                          00000003
PWM2DCH4                          00000004
PWM2DCH5                          00000005
PWM2DCH6                          00000006
PWM2DCH7                          00000007
PWM2DCIE                          00000001
PWM2DCIF                          00000001
PWM2DCL                           00000DA3
PWM2DCL0                          00000000
PWM2DCL1                          00000001
PWM2DCL2                          00000002
PWM2DCL3                          00000003
PWM2DCL4                          00000004
PWM2DCL5                          00000005
PWM2DCL6                          00000006
PWM2DCL7                          00000007
PWM2EN                            00000007
PWM2EN_A                          00000001
PWM2IE                            00000005
PWM2IF                            00000005
PWM2INTCON                        00000DAC
PWM2INTE                          00000DAC
PWM2INTF                          00000DAD
PWM2INTFLG                        00000DAD
PWM2LD                            00000007
MPASM 5.68  /HOME/JACQUES/GITHUB/PIXDEL6/PIX   9-28-2016  10:05:00         PAGE 19


SYMBOL TABLE
  LABEL                             VALUE 

PWM2LDA_A                         00000001
PWM2LDCON                         00000DAF
PWM2LDM                           00000006
PWM2LDS0                          00000000
PWM2LDS1                          00000001
PWM2MODE0                         00000002
PWM2MODE1                         00000003
PWM2OE                            00000006
PWM2OF                            00000DA7
PWM2OFCON                         00000DB0
PWM2OFH                           00000DA8
PWM2OFH0                          00000000
PWM2OFH1                          00000001
PWM2OFH2                          00000002
PWM2OFH3                          00000003
PWM2OFH4                          00000004
PWM2OFH5                          00000005
PWM2OFH6                          00000006
PWM2OFH7                          00000007
PWM2OFIE                          00000003
PWM2OFIF                          00000003
PWM2OFL                           00000DA7
PWM2OFL0                          00000000
PWM2OFL1                          00000001
PWM2OFL2                          00000002
PWM2OFL3                          00000003
PWM2OFL4                          00000004
PWM2OFL5                          00000005
PWM2OFL6                          00000006
PWM2OFL7                          00000007
PWM2OFM0                          00000005
PWM2OFM1                          00000006
PWM2OFMC                          00000004
PWM2OFS0                          00000000
PWM2OFS1                          00000001
PWM2OUT                           00000005
PWM2OUT_A                         00000001
PWM2PH                            00000DA1
PWM2PHH                           00000DA2
PWM2PHH0                          00000000
PWM2PHH1                          00000001
PWM2PHH2                          00000002
PWM2PHH3                          00000003
PWM2PHH4                          00000004
PWM2PHH5                          00000005
PWM2PHH6                          00000006
PWM2PHH7                          00000007
PWM2PHIE                          00000002
PWM2PHIF                          00000002
PWM2PHL                           00000DA1
PWM2PHL0                          00000000
PWM2PHL1                          00000001
PWM2PHL2                          00000002
MPASM 5.68  /HOME/JACQUES/GITHUB/PIXDEL6/PIX   9-28-2016  10:05:00         PAGE 20


SYMBOL TABLE
  LABEL                             VALUE 

PWM2PHL3                          00000003
PWM2PHL4                          00000004
PWM2PHL5                          00000005
PWM2PHL6                          00000006
PWM2PHL7                          00000007
PWM2POL                           00000004
PWM2PR                            00000DA5
PWM2PRH                           00000DA6
PWM2PRH0                          00000000
PWM2PRH1                          00000001
PWM2PRH2                          00000002
PWM2PRH3                          00000003
PWM2PRH4                          00000004
PWM2PRH5                          00000005
PWM2PRH6                          00000006
PWM2PRH7                          00000007
PWM2PRIE                          00000000
PWM2PRIF                          00000000
PWM2PRL                           00000DA5
PWM2PRL0                          00000000
PWM2PRL1                          00000001
PWM2PRL2                          00000002
PWM2PRL3                          00000003
PWM2PRL4                          00000004
PWM2PRL5                          00000005
PWM2PRL6                          00000006
PWM2PRL7                          00000007
PWM2PS0                           00000004
PWM2PS1                           00000005
PWM2PS2                           00000006
PWM2TMR                           00000DA9
PWM2TMRH                          00000DAA
PWM2TMRH0                         00000000
PWM2TMRH1                         00000001
PWM2TMRH2                         00000002
PWM2TMRH3                         00000003
PWM2TMRH4                         00000004
PWM2TMRH5                         00000005
PWM2TMRH6                         00000006
PWM2TMRH7                         00000007
PWM2TMRL                          00000DA9
PWM2TMRL0                         00000000
PWM2TMRL1                         00000001
PWM2TMRL2                         00000002
PWM2TMRL3                         00000003
PWM2TMRL4                         00000004
PWM2TMRL5                         00000005
PWM2TMRL6                         00000006
PWM2TMRL7                         00000007
PWM3CLKCON                        00000DBE
PWM3CON                           00000DBB
PWM3CS0                           00000000
PWM3CS1                           00000001
MPASM 5.68  /HOME/JACQUES/GITHUB/PIXDEL6/PIX   9-28-2016  10:05:00         PAGE 21


SYMBOL TABLE
  LABEL                             VALUE 

PWM3DC                            00000DB3
PWM3DCH                           00000DB4
PWM3DCH0                          00000000
PWM3DCH1                          00000001
PWM3DCH2                          00000002
PWM3DCH3                          00000003
PWM3DCH4                          00000004
PWM3DCH5                          00000005
PWM3DCH6                          00000006
PWM3DCH7                          00000007
PWM3DCIE                          00000001
PWM3DCIF                          00000001
PWM3DCL                           00000DB3
PWM3DCL0                          00000000
PWM3DCL1                          00000001
PWM3DCL2                          00000002
PWM3DCL3                          00000003
PWM3DCL4                          00000004
PWM3DCL5                          00000005
PWM3DCL6                          00000006
PWM3DCL7                          00000007
PWM3EN                            00000007
PWM3EN_A                          00000002
PWM3IE                            00000006
PWM3IF                            00000006
PWM3INTCON                        00000DBC
PWM3INTE                          00000DBC
PWM3INTF                          00000DBD
PWM3INTFLG                        00000DBD
PWM3LD                            00000007
PWM3LDA_A                         00000002
PWM3LDCON                         00000DBF
PWM3LDM                           00000006
PWM3LDS0                          00000000
PWM3LDS1                          00000001
PWM3MODE0                         00000002
PWM3MODE1                         00000003
PWM3OE                            00000006
PWM3OF                            00000DB7
PWM3OFCON                         00000DC0
PWM3OFH                           00000DB8
PWM3OFH0                          00000000
PWM3OFH1                          00000001
PWM3OFH2                          00000002
PWM3OFH3                          00000003
PWM3OFH4                          00000004
PWM3OFH5                          00000005
PWM3OFH6                          00000006
PWM3OFH7                          00000007
PWM3OFIE                          00000003
PWM3OFIF                          00000003
PWM3OFL                           00000DB7
PWM3OFL0                          00000000
MPASM 5.68  /HOME/JACQUES/GITHUB/PIXDEL6/PIX   9-28-2016  10:05:00         PAGE 22


SYMBOL TABLE
  LABEL                             VALUE 

PWM3OFL1                          00000001
PWM3OFL2                          00000002
PWM3OFL3                          00000003
PWM3OFL4                          00000004
PWM3OFL5                          00000005
PWM3OFL6                          00000006
PWM3OFL7                          00000007
PWM3OFM0                          00000005
PWM3OFM1                          00000006
PWM3OFMC                          00000004
PWM3OFS0                          00000000
PWM3OFS1                          00000001
PWM3OUT                           00000005
PWM3OUT_A                         00000002
PWM3PH                            00000DB1
PWM3PHH                           00000DB2
PWM3PHH0                          00000000
PWM3PHH1                          00000001
PWM3PHH2                          00000002
PWM3PHH3                          00000003
PWM3PHH4                          00000004
PWM3PHH5                          00000005
PWM3PHH6                          00000006
PWM3PHH7                          00000007
PWM3PHIE                          00000002
PWM3PHIF                          00000002
PWM3PHL                           00000DB1
PWM3PHL0                          00000000
PWM3PHL1                          00000001
PWM3PHL2                          00000002
PWM3PHL3                          00000003
PWM3PHL4                          00000004
PWM3PHL5                          00000005
PWM3PHL6                          00000006
PWM3PHL7                          00000007
PWM3POL                           00000004
PWM3PR                            00000DB5
PWM3PRH                           00000DB6
PWM3PRH0                          00000000
PWM3PRH1                          00000001
PWM3PRH2                          00000002
PWM3PRH3                          00000003
PWM3PRH4                          00000004
PWM3PRH5                          00000005
PWM3PRH6                          00000006
PWM3PRH7                          00000007
PWM3PRIE                          00000000
PWM3PRIF                          00000000
PWM3PRL                           00000DB5
PWM3PRL0                          00000000
PWM3PRL1                          00000001
PWM3PRL2                          00000002
PWM3PRL3                          00000003
MPASM 5.68  /HOME/JACQUES/GITHUB/PIXDEL6/PIX   9-28-2016  10:05:00         PAGE 23


SYMBOL TABLE
  LABEL                             VALUE 

PWM3PRL4                          00000004
PWM3PRL5                          00000005
PWM3PRL6                          00000006
PWM3PRL7                          00000007
PWM3PS0                           00000004
PWM3PS1                           00000005
PWM3PS2                           00000006
PWM3TMR                           00000DB9
PWM3TMRH                          00000DBA
PWM3TMRH0                         00000000
PWM3TMRH1                         00000001
PWM3TMRH2                         00000002
PWM3TMRH3                         00000003
PWM3TMRH4                         00000004
PWM3TMRH5                         00000005
PWM3TMRH6                         00000006
PWM3TMRH7                         00000007
PWM3TMRL                          00000DB9
PWM3TMRL0                         00000000
PWM3TMRL1                         00000001
PWM3TMRL2                         00000002
PWM3TMRL3                         00000003
PWM3TMRL4                         00000004
PWM3TMRL5                         00000005
PWM3TMRL6                         00000006
PWM3TMRL7                         00000007
PWMEN                             00000D8E
PWMLD                             00000D8F
PWMOUT                            00000D90
PWM_BANK                          PWMEN
RA0                               00000000
RA1                               00000001
RA2                               00000002
RA3                               00000003
RA4                               00000004
RA5                               00000005
RCIDL                             00000006
RCIE                              00000005
RCIF                              00000005
RCREG                             00000199
RCSTA                             0000019D
RD                                00000000
ROUGE_PIN                         RA2
ROUGE_PWMCLKCON                   PWM3CLKCON
ROUGE_PWMCON                      PWM3CON
ROUGE_PWMDCH                      PWM3DCH
ROUGE_PWMDCL                      PWM3DCL
ROUGE_PWMINTE                     PWM3INTE
ROUGE_PWMINTF                     PWM3INTF
ROUGE_PWMLDCON                    PWM3LDCON
ROUGE_PWMOF                       PWM3OF
ROUGE_PWMOFCON                    PWM3OFCON
ROUGE_PWMPH                       PWM3PH
MPASM 5.68  /HOME/JACQUES/GITHUB/PIXDEL6/PIX   9-28-2016  10:05:00         PAGE 24


SYMBOL TABLE
  LABEL                             VALUE 

ROUGE_PWMPR                       PWM3PR
ROUGE_PWMTMR                      PWM3TMR
RX                                RA5
RX9                               00000006
RX9D                              00000000
RXDTSEL                           00000007
SBOREN                            00000007
SCKP                              00000004
SCS0                              00000000
SCS1                              00000001
SENDB                             00000003
SLRA0                             00000000
SLRA1                             00000001
SLRA2                             00000002
SLRA4                             00000004
SLRA5                             00000005
SLRCONA                           0000030C
SPBRG                             0000019B
SPBRGH                            0000019C
SPBRGL                            0000019B
SPEN                              00000007
SPLLEN                            00000007
SREN                              00000005
STATUS                            00000003
STATUS_SHAD                       00000FE4
STKOVF                            00000007
STKPTR                            00000FED
STKUNF                            00000006
SWDTEN                            00000000
SYNC                              00000004
T0CS                              00000005
T0IE                              00000005
T0IF                              00000002
T0SE                              00000004
T1CKPS0                           00000004
T1CKPS1                           00000005
T1CON                             00000018
T1GCON                            00000019
T1GGO                             00000003
T1GGO_NOT_DONE                    00000003
T1GPOL                            00000006
T1GSEL                            00000003
T1GSPM                            00000004
T1GSS0                            00000000
T1GSS1                            00000001
T1GTM                             00000005
T1GVAL                            00000002
T2CKPS0                           00000000
T2CKPS1                           00000001
T2CON                             0000001C
T2OUTPS0                          00000003
T2OUTPS1                          00000004
T2OUTPS2                          00000005
MPASM 5.68  /HOME/JACQUES/GITHUB/PIXDEL6/PIX   9-28-2016  10:05:00         PAGE 25


SYMBOL TABLE
  LABEL                             VALUE 

T2OUTPS3                          00000006
TMR0                              00000015
TMR0CS                            00000005
TMR0IE                            00000005
TMR0IF                            00000002
TMR0SE                            00000004
TMR1                              00000016
TMR1CS0                           00000006
TMR1CS1                           00000007
TMR1GE                            00000007
TMR1GIE                           00000007
TMR1GIF                           00000007
TMR1H                             00000017
TMR1IE                            00000000
TMR1IF                            00000000
TMR1L                             00000016
TMR1ON                            00000000
TMR2                              0000001A
TMR2IE                            00000001
TMR2IF                            00000001
TMR2ON                            00000002
TOS                               00000FEE
TOSH                              00000FEF
TOSL                              00000FEE
TRIGSEL0                          00000004
TRIGSEL1                          00000005
TRIGSEL2                          00000006
TRIGSEL3                          00000007
TRISA                             0000008C
TRISA0                            00000000
TRISA1                            00000001
TRISA2                            00000002
TRISA3                            00000003
TRISA4                            00000004
TRISA5                            00000005
TRMT                              00000001
TSEN                              00000005
TSRNG                             00000004
TUN0                              00000000
TUN1                              00000001
TUN2                              00000002
TUN3                              00000003
TUN4                              00000004
TUN5                              00000005
TX                                RA4
TX9                               00000006
TX9D                              00000000
TXCKSEL                           00000002
TXEN                              00000005
TXIE                              00000004
TXIF                              00000004
TXREG                             0000019A
TXSTA                             0000019E
MPASM 5.68  /HOME/JACQUES/GITHUB/PIXDEL6/PIX   9-28-2016  10:05:00         PAGE 26


SYMBOL TABLE
  LABEL                             VALUE 

VERROUGE_T_PWMPR                  PWM1PR
VERTROUGE__PWMOF                  PWM1OF
VERT_PIN                          RA1
VERT_PWMCLKCON                    PWM1CLKCON
VERT_PWMCON                       PWM1CON
VERT_PWMDCH                       PWM1DCH
VERT_PWMDCL                       PWM1DCL
VERT_PWMINTE                      PWM1INTE
VERT_PWMINTF                      PWM1INTF
VERT_PWMLDCON                     PWM1LDCON
VERT_PWMOFCON                     PWM1OFCON
VERT_PWMPH                        PWM1PH
VERT_PWMPR                        PWM1PR
VERT_PWMTMR                       PWM1TMR
VREGCON                           00000197
VREGPM                            00000001
W                                 00000000
WDTCON                            00000097
WDTPS0                            00000001
WDTPS1                            00000002
WDTPS2                            00000003
WDTPS3                            00000004
WDTPS4                            00000005
WPUA                              0000020C
WPUA0                             00000000
WPUA1                             00000001
WPUA2                             00000002
WPUA3                             00000003
WPUA4                             00000004
WPUA5                             00000005
WR                                00000001
WREG                              00000009
WREG_SHAD                         00000FE5
WREN                              00000002
WRERR                             00000003
WUE                               00000001
Z                                 00000002
Z_SHAD                            00000002
_.org_1_0051                      00000051
_.org_1_0054                      00000054
_.org_1_0060                      00000060
_.org_1_0086                      00000086
_.org_1_008D                      0000008D
_BOREN_NSLEEP                     00003DFF
_BOREN_OFF                        000039FF
_BOREN_ON                         00003FFF
_BOREN_SBODEN                     00003BFF
_BORV_19                          00003FFF
_BORV_HI                          00003BFF
_BORV_LO                          00003FFF
_CLKOUTEN_OFF                     00003FFF
_CLKOUTEN_ON                      000037FF
_CONFIG1                          00008007
MPASM 5.68  /HOME/JACQUES/GITHUB/PIXDEL6/PIX   9-28-2016  10:05:00         PAGE 27


SYMBOL TABLE
  LABEL                             VALUE 

_CONFIG2                          00008008
_CP_OFF                           00003FFF
_CP_ON                            00003F7F
_DEVID1                           00008006
_FOSC_ECH                         00003FFF
_FOSC_ECL                         00003FFD
_FOSC_ECM                         00003FFE
_FOSC_INTOSC                      00003FFC
_IDLOC0                           00008000
_IDLOC1                           00008001
_IDLOC2                           00008002
_IDLOC3                           00008003
_LPBOREN_OFF                      00003FFF
_LPBOREN_ON                       000037FF
_LVP_OFF                          00001FFF
_LVP_ON                           00003FFF
_MCLRE_OFF                        00003FBF
_MCLRE_ON                         00003FFF
_PLLEN_OFF                        00003EFF
_PLLEN_ON                         00003FFF
_PWRTE_OFF                        00003FFF
_PWRTE_ON                         00003FDF
_STVREN_OFF                       00003DFF
_STVREN_ON                        00003FFF
_WDTE_NSLEEP                      00003FF7
_WDTE_OFF                         00003FE7
_WDTE_ON                          00003FFF
_WDTE_SWDTEN                      00003FEF
_WRT_ALL                          00003FFC
_WRT_BOOT                         00003FFE
_WRT_HALF                         00003FFD
_WRT_OFF                          00003FFF
__12F1572                         00000001
a_recevoir                        00000071
accept_loop                       00000073
accepte                           00000071
bleu                              00000076
case                              
diffus_loop                       0000007B
diffusion                         00000079
drop                              
dup                               
init                              00000007
isr                               00000004
main                              00000056
msec                              00000070
nouvelle_couleur                  00000092
popw                              
pushw                             
retrans_loop                      0000006C
retransmet                        00000069
rouge                             00000072
rst                               00000000
MPASM 5.68  /HOME/JACQUES/GITHUB/PIXDEL6/PIX   9-28-2016  10:05:00         PAGE 28


SYMBOL TABLE
  LABEL                             VALUE 

stack                             00000000
uart_rx                           00000084
uart_tx                           0000008B
vert                              00000074

Errors   :     0
Warnings :     0 reported,     0 suppressed
Messages :    60 reported,     0 suppressed

